<?xml version="1.0" encoding="UTF-8"?>
<testsuite name="edu.toronto.csc301.GridRobot2Test" time="0.031" tests="49" errors="0" skipped="0" failures="0">
  <properties>
    <property name="java.runtime.name" value="Java(TM) SE Runtime Environment"/>
    <property name="sun.boot.library.path" value="C:\Program Files\Java\jdk1.8.0_181\jre\bin"/>
    <property name="java.vm.version" value="25.181-b13"/>
    <property name="java.vm.vendor" value="Oracle Corporation"/>
    <property name="maven.multiModuleProjectDirectory" value="C:\Users\lixun\Desktop\csc301\a2-lixun2"/>
    <property name="java.vendor.url" value="http://java.oracle.com/"/>
    <property name="path.separator" value=";"/>
    <property name="guice.disable.misplaced.annotation.check" value="true"/>
    <property name="java.vm.name" value="Java HotSpot(TM) 64-Bit Server VM"/>
    <property name="file.encoding.pkg" value="sun.io"/>
    <property name="user.script" value=""/>
    <property name="user.country" value="CA"/>
    <property name="sun.java.launcher" value="SUN_STANDARD"/>
    <property name="sun.os.patch.level" value=""/>
    <property name="java.vm.specification.name" value="Java Virtual Machine Specification"/>
    <property name="user.dir" value="C:\Users\lixun\Desktop\csc301\a2-lixun2"/>
    <property name="java.runtime.version" value="1.8.0_181-b13"/>
    <property name="java.awt.graphicsenv" value="sun.awt.Win32GraphicsEnvironment"/>
    <property name="java.endorsed.dirs" value="C:\Program Files\Java\jdk1.8.0_181\jre\lib\endorsed"/>
    <property name="os.arch" value="amd64"/>
    <property name="java.io.tmpdir" value="C:\Users\lixun\AppData\Local\Temp\"/>
    <property name="line.separator" value="&#10;"/>
    <property name="java.vm.specification.vendor" value="Oracle Corporation"/>
    <property name="user.variant" value=""/>
    <property name="os.name" value="Windows 10"/>
    <property name="classworlds.conf" value="C:\apache-maven-3.5.4\bin\..\bin\m2.conf"/>
    <property name="sun.jnu.encoding" value="Cp1252"/>
    <property name="java.library.path" value="C:\Program Files\Java\jdk1.8.0_181\bin;C:\WINDOWS\Sun\Java\bin;C:\WINDOWS\system32;C:\WINDOWS;C:\Program Files (x86)\Common Files\Oracle\Java\javapath;C:\WINDOWS\system32;C:\WINDOWS;C:\WINDOWS\System32\Wbem;C:\WINDOWS\System32\WindowsPowerShell\v1.0\;C:\WINDOWS\System32\OpenSSH\;C:\apache-maven-3.5.4\bin;C:\Program Files\Java\jdk1.8.0_181\bin;C:\Users\lixun\AppData\Local\Microsoft\WindowsApps;;."/>
    <property name="maven.conf" value="C:\apache-maven-3.5.4\bin\../conf"/>
    <property name="java.specification.name" value="Java Platform API Specification"/>
    <property name="java.class.version" value="52.0"/>
    <property name="sun.management.compiler" value="HotSpot 64-Bit Tiered Compilers"/>
    <property name="os.version" value="10.0"/>
    <property name="library.jansi.path" value="C:\apache-maven-3.5.4\bin\..\lib\jansi-native"/>
    <property name="user.home" value="C:\Users\lixun"/>
    <property name="user.timezone" value="America/New_York"/>
    <property name="java.awt.printerjob" value="sun.awt.windows.WPrinterJob"/>
    <property name="java.specification.version" value="1.8"/>
    <property name="file.encoding" value="Cp1252"/>
    <property name="user.name" value="lixun"/>
    <property name="java.class.path" value="C:\apache-maven-3.5.4\bin\..\boot\plexus-classworlds-2.5.2.jar"/>
    <property name="java.vm.specification.version" value="1.8"/>
    <property name="sun.arch.data.model" value="64"/>
    <property name="java.home" value="C:\Program Files\Java\jdk1.8.0_181\jre"/>
    <property name="sun.java.command" value="org.codehaus.plexus.classworlds.launcher.Launcher test"/>
    <property name="java.specification.vendor" value="Oracle Corporation"/>
    <property name="user.language" value="en"/>
    <property name="awt.toolkit" value="sun.awt.windows.WToolkit"/>
    <property name="java.vm.info" value="mixed mode"/>
    <property name="java.version" value="1.8.0_181"/>
    <property name="java.ext.dirs" value="C:\Program Files\Java\jdk1.8.0_181\jre\lib\ext;C:\WINDOWS\Sun\Java\lib\ext"/>
    <property name="sun.boot.class.path" value="C:\Program Files\Java\jdk1.8.0_181\jre\lib\resources.jar;C:\Program Files\Java\jdk1.8.0_181\jre\lib\rt.jar;C:\Program Files\Java\jdk1.8.0_181\jre\lib\sunrsasign.jar;C:\Program Files\Java\jdk1.8.0_181\jre\lib\jsse.jar;C:\Program Files\Java\jdk1.8.0_181\jre\lib\jce.jar;C:\Program Files\Java\jdk1.8.0_181\jre\lib\charsets.jar;C:\Program Files\Java\jdk1.8.0_181\jre\lib\jfr.jar;C:\Program Files\Java\jdk1.8.0_181\jre\classes"/>
    <property name="sun.stderr.encoding" value="cp437"/>
    <property name="java.vendor" value="Oracle Corporation"/>
    <property name="maven.home" value="C:\apache-maven-3.5.4\bin\.."/>
    <property name="file.separator" value="\"/>
    <property name="java.vendor.url.bug" value="http://bugreport.sun.com/bugreport/"/>
    <property name="sun.cpu.endian" value="little"/>
    <property name="sun.io.unicode.encoding" value="UnicodeLittle"/>
    <property name="sun.stdout.encoding" value="cp437"/>
    <property name="sun.desktop" value="windows"/>
    <property name="sun.cpu.isalist" value="amd64"/>
  </properties>
  <testcase name="createWestFacingInstanceAndCheckRotation" classname="edu.toronto.csc301.GridRobot2Test" time="0"/>
  <testcase name="faceNorthThenCheckRotation" classname="edu.toronto.csc301.GridRobot2Test" time="0"/>
  <testcase name="callMoveThenCheckGridRobotLocation_1" classname="edu.toronto.csc301.GridRobot2Test" time="0"/>
  <testcase name="callMoveThenCheckGridRobotLocation_2" classname="edu.toronto.csc301.GridRobot2Test" time="0"/>
  <testcase name="callMoveThenCheckGridRobotLocation_3" classname="edu.toronto.csc301.GridRobot2Test" time="0"/>
  <testcase name="rotateLeftRequiresDegreesToBeAMultipleOf90" classname="edu.toronto.csc301.GridRobot2Test" time="0"/>
  <testcase name="shouldNotBeAllowedToMoveOffTheGrid" classname="edu.toronto.csc301.GridRobot2Test" time="0"/>
  <testcase name="createSouthFacingInstanceAndCheckRotation" classname="edu.toronto.csc301.GridRobot2Test" time="0.016"/>
  <testcase name="createInstanceAndCheckYCoordinate_2" classname="edu.toronto.csc301.GridRobot2Test" time="0"/>
  <testcase name="createInstanceAndCheckYCoordinate_3" classname="edu.toronto.csc301.GridRobot2Test" time="0"/>
  <testcase name="createInstanceAndCheckYCoordinate_4" classname="edu.toronto.csc301.GridRobot2Test" time="0"/>
  <testcase name="createInstanceAndCheckYCoordinate_5" classname="edu.toronto.csc301.GridRobot2Test" time="0"/>
  <testcase name="faceSouthThenCheckRotation" classname="edu.toronto.csc301.GridRobot2Test" time="0"/>
  <testcase name="faceEastThenCheckRotation" classname="edu.toronto.csc301.GridRobot2Test" time="0"/>
  <testcase name="createInstanceAndCheckXCoordinate_1" classname="edu.toronto.csc301.GridRobot2Test" time="0"/>
  <testcase name="createInstanceAndCheckXCoordinate_2" classname="edu.toronto.csc301.GridRobot2Test" time="0"/>
  <testcase name="createInstanceAndCheckXCoordinate_3" classname="edu.toronto.csc301.GridRobot2Test" time="0"/>
  <testcase name="createInstanceAndCheckXCoordinate_4" classname="edu.toronto.csc301.GridRobot2Test" time="0"/>
  <testcase name="createInstanceAndCheckXCoordinate_5" classname="edu.toronto.csc301.GridRobot2Test" time="0"/>
  <testcase name="createInstanceAndCheckYCoordinate_test1" classname="edu.toronto.csc301.GridRobot2Test" time="0"/>
  <testcase name="createInstanceWithNullDirection" classname="edu.toronto.csc301.GridRobot2Test" time="0"/>
  <testcase name="rotateRightRequiresDegreesToBeAMultipleOf90" classname="edu.toronto.csc301.GridRobot2Test" time="0"/>
  <testcase name="stepAndCheckCoordinates_1" classname="edu.toronto.csc301.GridRobot2Test" time="0"/>
  <testcase name="stepAndCheckCoordinates_2" classname="edu.toronto.csc301.GridRobot2Test" time="0"/>
  <testcase name="stepAndCheckCoordinates_3" classname="edu.toronto.csc301.GridRobot2Test" time="0"/>
  <testcase name="stepAndCheckCoordinates_4" classname="edu.toronto.csc301.GridRobot2Test" time="0"/>
  <testcase name="rotateThenCheckDirection_1" classname="edu.toronto.csc301.GridRobot2Test" time="0"/>
  <testcase name="rotateThenCheckDirection_2" classname="edu.toronto.csc301.GridRobot2Test" time="0"/>
  <testcase name="rotateThenCheckDirection_3" classname="edu.toronto.csc301.GridRobot2Test" time="0"/>
  <testcase name="rotateThenCheckDirection_4" classname="edu.toronto.csc301.GridRobot2Test" time="0"/>
  <testcase name="rotateThenCheckDirection_5" classname="edu.toronto.csc301.GridRobot2Test" time="0"/>
  <testcase name="createEastFacingInstanceAndCheckRotation" classname="edu.toronto.csc301.GridRobot2Test" time="0"/>
  <testcase name="createInstanceWithNegativeGridCellSize" classname="edu.toronto.csc301.GridRobot2Test" time="0"/>
  <testcase name="createInstanceWithZeroGridCellSize" classname="edu.toronto.csc301.GridRobot2Test" time="0"/>
  <testcase name="createNorthFacingInstanceAndCheckRotation" classname="edu.toronto.csc301.GridRobot2Test" time="0"/>
  <testcase name="faceWestThenCheckRotation" classname="edu.toronto.csc301.GridRobot2Test" time="0"/>
  <testcase name="createInstanceWithNullLocation" classname="edu.toronto.csc301.GridRobot2Test" time="0.015"/>
  <testcase name="faceMultipleTimes" classname="edu.toronto.csc301.GridRobot2Test" time="0"/>
  <testcase name="stepInEachDirectionStartingFromEachDirection" classname="edu.toronto.csc301.GridRobot2Test" time="0"/>
  <testcase name="stepNorth" classname="edu.toronto.csc301.GridRobot2Test" time="0"/>
  <testcase name="multipleSteps_test1" classname="edu.toronto.csc301.GridRobot2Test" time="0"/>
  <testcase name="multipleSteps_test2" classname="edu.toronto.csc301.GridRobot2Test" time="0"/>
  <testcase name="multipleSteps_test3" classname="edu.toronto.csc301.GridRobot2Test" time="0"/>
  <testcase name="multipleSteps_test4" classname="edu.toronto.csc301.GridRobot2Test" time="0"/>
  <testcase name="multipleSteps_test5" classname="edu.toronto.csc301.GridRobot2Test" time="0"/>
  <testcase name="multipleSteps_test6" classname="edu.toronto.csc301.GridRobot2Test" time="0"/>
  <testcase name="stepSouth" classname="edu.toronto.csc301.GridRobot2Test" time="0"/>
  <testcase name="stepEast" classname="edu.toronto.csc301.GridRobot2Test" time="0"/>
  <testcase name="stepWest" classname="edu.toronto.csc301.GridRobot2Test" time="0"/>
</testsuite>